0 info it worked if it ends with ok
1 verbose cli [ '/usr/bin/nodejs',
1 verbose cli   '/usr/bin/npm',
1 verbose cli   'install',
1 verbose cli   'nodemon',
1 verbose cli   '--save' ]
2 info using npm@3.7.3
3 info using node@v5.9.0
4 silly loadCurrentTree Starting
5 silly install loadCurrentTree
6 silly install readLocalPackageData
7 silly fetchPackageMetaData nodemon
8 silly fetchNamedPackageData nodemon
9 silly mapToRegistry name nodemon
10 silly mapToRegistry using default registry
11 silly mapToRegistry registry https://registry.npmjs.org/
12 silly mapToRegistry uri https://registry.npmjs.org/nodemon
13 verbose request uri https://registry.npmjs.org/nodemon
14 verbose request no auth needed
15 info attempt registry request try #1 at 3:20:44 PM
16 verbose request id 87e695a4eab1225c
17 http request GET https://registry.npmjs.org/nodemon
18 info retry will retry, error on last attempt: Error: connect ECONNREFUSED 185.31.17.162:443
19 info attempt registry request try #2 at 3:20:54 PM
20 http request GET https://registry.npmjs.org/nodemon
21 info retry will retry, error on last attempt: Error: connect ECONNREFUSED 185.31.17.162:443
22 info attempt registry request try #3 at 3:21:55 PM
23 http request GET https://registry.npmjs.org/nodemon
24 silly fetchPackageMetaData Error: connect ECONNREFUSED 185.31.19.162:443
24 silly fetchPackageMetaData     at Object.exports._errnoException (util.js:890:11)
24 silly fetchPackageMetaData     at exports._exceptionWithHostPort (util.js:913:20)
24 silly fetchPackageMetaData     at TCPConnectWrap.afterConnect [as oncomplete] (net.js:1065:14)
24 silly fetchPackageMetaData  error for nodemon { [Error: connect ECONNREFUSED 185.31.19.162:443]
24 silly fetchPackageMetaData   code: 'ECONNREFUSED',
24 silly fetchPackageMetaData   errno: 'ECONNREFUSED',
24 silly fetchPackageMetaData   syscall: 'connect',
24 silly fetchPackageMetaData   address: '185.31.19.162',
24 silly fetchPackageMetaData   port: 443 }
25 silly rollbackFailedOptional Starting
26 silly rollbackFailedOptional Finishing
27 silly runTopLevelLifecycles Starting
28 silly runTopLevelLifecycles Finishing
29 silly install printInstalled
30 verbose stack Error: connect ECONNREFUSED 185.31.19.162:443
30 verbose stack     at Object.exports._errnoException (util.js:890:11)
30 verbose stack     at exports._exceptionWithHostPort (util.js:913:20)
30 verbose stack     at TCPConnectWrap.afterConnect [as oncomplete] (net.js:1065:14)
31 verbose cwd /home/otawara/Desktop/ARC
32 error Linux 4.2.0-34-generic
33 error argv "/usr/bin/nodejs" "/usr/bin/npm" "install" "nodemon" "--save"
34 error node v5.9.0
35 error npm  v3.7.3
36 error code ECONNREFUSED
37 error errno ECONNREFUSED
38 error syscall connect
39 error Error: connect ECONNREFUSED 185.31.19.162:443
39 error     at Object.exports._errnoException (util.js:890:11)
39 error     at exports._exceptionWithHostPort (util.js:913:20)
39 error     at TCPConnectWrap.afterConnect [as oncomplete] (net.js:1065:14)
39 error  { [Error: connect ECONNREFUSED 185.31.19.162:443]
39 error   code: 'ECONNREFUSED',
39 error   errno: 'ECONNREFUSED',
39 error   syscall: 'connect',
39 error   address: '185.31.19.162',
39 error   port: 443 }
40 error If you are behind a proxy, please make sure that the
40 error 'proxy' config is set properly.  See: 'npm help config'
41 verbose exit [ 1, true ]
